<?xml version="1.0" encoding="UTF-8"?>
<testsuite xmlns:xsi="http://www.w3.org/2001/XMLSchema-instance" xsi:noNamespaceSchemaLocation="https://maven.apache.org/surefire/maven-surefire-plugin/xsd/surefire-test-report-3.0.xsd" version="3.0" name="com.cart.ecom_proj.EcomProjApplicationTests" time="6.03" tests="1" errors="0" skipped="0" failures="0">
  <properties>
[...]
</properties>
  <testcase name="contextLoads" classname="com.cart.ecom_proj.EcomProjApplicationTests" time="0.349">
    <system-out><![CDATA[14:40:57.184 [main] INFO org.springframework.test.context.support.AnnotationConfigContextLoaderUtils -- Could not detect default configuration classes for test class [com.cart.ecom_proj.EcomProjApplicationTests]: EcomProjApplicationTests does not declare any static, non-private, non-final, nested classes annotated with @Configuration.
14:40:57.454 [main] INFO org.springframework.boot.test.context.SpringBootTestContextBootstrapper -- Found @SpringBootConfiguration com.cart.ecom_proj.EcomProjApplication for test class com.cart.ecom_proj.EcomProjApplicationTests
14:40:57.954 [main] INFO org.springframework.boot.devtools.restart.RestartApplicationListener -- Restart disabled due to context in which it is running

  .   ____          _            __ _ _
 /\\ / ___'_ __ _ _(_)_ __  __ _ \ \ \ \
( ( )\___ | '_ | '_| | '_ \/ _` | \ \ \ \
 \\/  ___)| |_)| | | | | || (_| |  ) ) ) )
  '  |____| .__|_| |_|_| |_\__, | / / / /
 =========|_|==============|___/=/_/_/_/

 :: Spring Boot ::                (v3.3.3)

2025-05-30T14:40:58.163+07:00  INFO 17804 --- [ecom-proj] [           main] c.c.ecom_proj.EcomProjApplicationTests   : Starting EcomProjApplicationTests using Java 19.0.1 with PID 17804 (started by phamt in E:\Web3_pj\SpringBoot-Reactjs-Ecommerce\Ecommerce-Backend)
2025-05-30T14:40:58.165+07:00  INFO 17804 --- [ecom-proj] [           main] c.c.ecom_proj.EcomProjApplicationTests   : No active profile set, falling back to 1 default profile: "default"
2025-05-30T14:40:58.757+07:00  INFO 17804 --- [ecom-proj] [           main] .s.d.r.c.RepositoryConfigurationDelegate : Bootstrapping Spring Data JPA repositories in DEFAULT mode.
2025-05-30T14:40:58.809+07:00  INFO 17804 --- [ecom-proj] [           main] .s.d.r.c.RepositoryConfigurationDelegate : Finished Spring Data repository scanning in 42 ms. Found 3 JPA repository interfaces.
2025-05-30T14:40:59.255+07:00  INFO 17804 --- [ecom-proj] [           main] o.hibernate.jpa.internal.util.LogHelper  : HHH000204: Processing PersistenceUnitInfo [name: default]
2025-05-30T14:40:59.319+07:00  INFO 17804 --- [ecom-proj] [           main] org.hibernate.Version                    : HHH000412: Hibernate ORM core version 6.5.2.Final
2025-05-30T14:40:59.346+07:00  INFO 17804 --- [ecom-proj] [           main] o.h.c.internal.RegionFactoryInitiator    : HHH000026: Second-level cache disabled
2025-05-30T14:40:59.664+07:00  INFO 17804 --- [ecom-proj] [           main] o.s.o.j.p.SpringPersistenceUnitInfo      : No LoadTimeWeaver setup: ignoring JPA class transformer
2025-05-30T14:40:59.692+07:00  INFO 17804 --- [ecom-proj] [           main] com.zaxxer.hikari.HikariDataSource       : HikariPool-1 - Starting...
2025-05-30T14:40:59.884+07:00  INFO 17804 --- [ecom-proj] [           main] com.zaxxer.hikari.pool.HikariPool        : HikariPool-1 - Added connection conn0: url=jdbc:h2:mem:Ecommerce user=SA
2025-05-30T14:40:59.886+07:00  INFO 17804 --- [ecom-proj] [           main] com.zaxxer.hikari.HikariDataSource       : HikariPool-1 - Start completed.
2025-05-30T14:41:00.885+07:00  INFO 17804 --- [ecom-proj] [           main] o.h.e.t.j.p.i.JtaPlatformInitiator       : HHH000489: No JTA platform available (set 'hibernate.transaction.jta.platform' to enable JTA platform integration)
Hibernate: create table app_user (id bigint generated by default as identity, password varchar(255), username varchar(255), primary key (id))
Hibernate: create table product (id integer generated by default as identity, brand varchar(255), category varchar(255), description varchar(255), image_date blob, image_name varchar(255), image_type varchar(255), name varchar(255), price numeric(38,2), product_available boolean not null, release_date timestamp(6), stock_quantity integer not null, primary key (id))
Hibernate: create table role (id bigint generated by default as identity, name varchar(255), primary key (id))
Hibernate: create table user_roles (user_id bigint not null, roles_id bigint not null, primary key (user_id, roles_id))
Hibernate: alter table if exists app_user drop constraint if exists UK3k4cplvh82srueuttfkwnylq0
Hibernate: alter table if exists app_user add constraint UK3k4cplvh82srueuttfkwnylq0 unique (username)
Hibernate: alter table if exists role drop constraint if exists UK8sewwnpamngi6b1dwaa88askk
Hibernate: alter table if exists role add constraint UK8sewwnpamngi6b1dwaa88askk unique (name)
Hibernate: alter table if exists user_roles add constraint FKj9553ass9uctjrmh0gkqsmv0d foreign key (roles_id) references role
Hibernate: alter table if exists user_roles add constraint FK6fql8djp64yp4q9b3qeyhr82b foreign key (user_id) references app_user
2025-05-30T14:41:00.951+07:00  INFO 17804 --- [ecom-proj] [           main] j.LocalContainerEntityManagerFactoryBean : Initialized JPA EntityManagerFactory for persistence unit 'default'
2025-05-30T14:41:01.308+07:00  INFO 17804 --- [ecom-proj] [           main] o.s.d.j.r.query.QueryEnhancerFactory     : Hibernate is in classpath; If applicable, HQL parser will be used.
2025-05-30T14:41:01.741+07:00  WARN 17804 --- [ecom-proj] [           main] JpaBaseConfiguration$JpaWebConfiguration : spring.jpa.open-in-view is enabled by default. Therefore, database queries may be performed during view rendering. Explicitly configure spring.jpa.open-in-view to disable this warning
2025-05-30T14:41:01.761+07:00  WARN 17804 --- [ecom-proj] [           main] .s.s.UserDetailsServiceAutoConfiguration : 

Using generated security password: f7e94e98-bd7e-4583-bd2d-c4a3a1f94702

This generated password is for development use only. Your security configuration must be updated before running your application in production.

2025-05-30T14:41:01.767+07:00  INFO 17804 --- [ecom-proj] [           main] r$InitializeUserDetailsManagerConfigurer : Global AuthenticationManager configured with UserDetailsService bean with name inMemoryUserDetailsManager
2025-05-30T14:41:02.430+07:00  INFO 17804 --- [ecom-proj] [           main] c.c.ecom_proj.EcomProjApplicationTests   : Started EcomProjApplicationTests in 4.527 seconds (process running for 6.296)
]]></system-out>
  </testcase>
</testsuite>